382 nets failed to route:
 asr2.rom[11][5]
 _353_
 _233_
 clk2.clkout_bF$buf23
 _974_
 counterdown.counter[2]
 _424_
 _261__bF$buf1
 _344_
 _395_
 asr2.rom[1][5]
 _314_
 _318_
 asr2.en[4]
 asr2.en[1]
 _293_
 _295_
 _1005_
 asr1.rom[1][7]
 asr1.rom[8][7]
 _143_
 _575_
 _839_
 sumador.res[6]
 _486_
 counterup.counter[2]
 asr1.rom[13][7]
 _110_
 asr1.en[3]
 asr1.rom[13][5]
 _122_
 _30_
 asr1.rom[0][5]
 _36__bF$buf1
 _90_
 _4__bF$buf2
 _963_[5]
 asr2.dataout[4]
 _34_
 asr1.rom[7][7]
 _35_
 _102_
 mac1.dataout[6]
 _790_
 _699_
 _764_
 _760_
 _827_
 _804_
 _799_
 _820_
 _603_
 _535_
 _594_
 mac1.dataout[4]
 _544_
 _709_
 _745_
 _493_
 _549_
 _751_
 sumador.res[0]
 _641_
 _559_
 _563_
 _704_
 _706_
 _637_
 _649_
 _674_
 _659_
 sumador.res[5]
 _531_
 _571_
 _488_
 rom1.data[0_bF$buf3]
 _505_
 _602_
 _834_
 _605_
 _529_
 rom1.data[0_bF$buf1]
 rom1.data[0_bF$buf2]
 _658_
 _660_
 _523_
 _586_
 gnd
 _566_
 _667_
 _498_
 _642_
 _643_
 _538_
 _607_
 _783_
 asr1.rom[0][1]
 asr1.dataout[6]
 _20_
 _22_
 _632_
 _591_
 _835_
 _574_
 _510_
 _809_
 _654_
 _647_
 _561_
 _844_
 counterup.counter[1]
 sumador.res[4]
 counterup.counter[0]
 _173_
 asr1.rom[2][2]
 _27_
 clk2.clkout_hier0_bF$buf0
 _144_
 asr2.rom[4][5]
 clk2.clkout_bF$buf14
 clk2.clkout_bF$buf40
 _230_
 asr2.rom[7][3]
 _240_
 _258__bF$buf0
 asr2.rom[4][3]
 asr2.rom[9][1]
 _388_
 _261__bF$buf2
 _245_
 _225__bF$buf9
 _271_
 counterdown.counter[0]
 _259_
 _252_
 _251_
 _963_[6]
 _261_
 _174_
 _169_
 _33_
 _45_
 _33__bF$buf3
 _0__bF$buf2
 _33__bF$buf2
 asr1.rom[3][4]
 counterup.counter[0_bF$buf3]
 clk2.clkout_bF$buf4
 _156_
 _854_
 _33_
 _978_
 _99_
 _59_
 asr1.rom[11][4]
 clk2.clkout_bF$buf30
 _644_
 _666_
 _837_
 _640_
 _583_
 _795_
 _673_
 sumador.res[3]
 _581_
 sumador.res[2]
 _701_
 _616_
 mac1.dataout[5]
 _705_
 _691_
 _690_
 din[2]
 _609_
 _713_
 clk2.clkout_bF$buf1
 _610_
 _689_
 rst_bF$buf2
 _608_
 _694_
 reg3.dataout[6]
 dout[7]
 _629_
 _615_
 _636_
 _614_
 _696_
 _700_
 _872_
 mac1.reset
 _496_
 _626_
 _625_
 _487_[6]
 _620_
 _705_
 _772_
 _703_
 _587_
 _528_
 _759_
 _568_
 asr2.rom[3][5]
 asr2.rom[7][2]
 _69_
 asr1.dataout[3]
 asr2.en[3]
 _379_
 _294_
 _359_
 _406_
 _229__bF$buf1
 clk2.clkout_hier0_bF$buf4
 asr2.dataout[1]
 _381_
 _309_
 _258__bF$buf3
 _225__bF$buf0
 clk2.clkout_bF$buf33
 asr2.rom[9][2]
 clk2.clkout
 _232_
 _401_
 _442_
 _334_
 _297_
 _239_
 _255_
 asr2.rom[2][5]
 clk2.clkout_bF$buf19
 asr2.rom[0][2]
 _246_
 _308_
 _444_
 _431_
 _438_
 _225__bF$buf8
 _234_
 _271_
 _321_
 asr2.rom[8][0]
 _281_
 _88_
 _14_
 _956_
 asr1.rom[5][4]
 _118_
 _155_
 vdd
 _49_
 _121_
 asr1.rom[8][3]
 _43_
 asr1.rom[8][2]
 _8_
 counterup.counter[3]
 asr1.en[6]
 _13_
 _221_
 asr1.rom[12][5]
 _4__bF$buf1
 _205_
 _6_
 _36_
 _7_
 _4_
 _55_
 asr1.en[5]
 _167_
 _23_
 asr1.rom[8][6]
 asr1.rom[7][1]
 _45_
 _141_
 _222_
 clk2.clkout_bF$buf15
 _992_
 _29_
 asr1.rom[2][7]
 asr1.rom[3][7]
 _0__bF$buf0
 asr1.rom[8][5]
 asr1.rom[0][3]
 clk2.clkout_bF$buf26
 _216_
 asr1.rom[11][2]
 _112_
 asr1.rom[4][7]
 _105_
 _218_
 _1_
 asr1.dataout[1]
 _989_
 _0__bF$buf4
 _106_
 _1007_
 asr1.en[0]
 _1004_
 clk2.clkout_bF$buf16
 asr1.en[1]
 asr1.rom[1][4]
 _36__bF$buf2
 asr1.rom[10][5]
 _9_
 asr1.dataout[0]
 _990_
 _761_
 mac1.reset_bF$buf0
 _546_
 _763_
 _777_
 _580_
 clk_bF$buf5
 _816_
 _815_
 rom1.data[1]
 _753_
 _749_
 _955_[0]
 _729_
 _738_
 _630_
 _889_[6]
 _713_
 _778_
 clk_bF$buf1
 _695_
 _848_
 rom1.data[4]
 _608_
 reg3.dataout[3]
 ret2.rf[2]
 _717_
 _831_
 _774_
 _769_
 _671_
 _670_
 rom1.data[2]
 _504_
 _852_
 _540_
 _503_
 _725_
 _698_
 _617_
 _492_
 _762_
 mac1.dataout[3]
 _613_
 _604_
 _693_
 _712_
 _537_
 _489_
 _683_
 _592_
 _526_
 _527_
 _530_
 _851_
 _522_
 _791_
 _532_
 _570_
 _600_
 _842_
 _543_
 _682_
 _624_
 _495_
 _737_
 _732_
 rst_bF$buf5
 _993_
 _999_
 _991_
 _225_
 _390_
 _229__bF$buf3
 _229__bF$buf2
